2024-02-24 10:15:23 GET /index.html 200
2024-02-24 10:15:24 GET /about.html 200
2024-02-24 10:15:25 GET /admin.php 404
2024-02-24 10:15:26 GET /contact.html 200
2024-02-24 10:15:27 GET /wp-admin 404
2024-02-24 10:15:28 GET /products.html 200
2024-02-24 10:15:29 GET /admin.php 404
2024-02-24 10:15:30 GET /images/logo.png 200
2024-02-24 10:15:31 GET /admin.php 404
2024-02-24 10:15:32 GET /styles.css 200
2024-02-24 10:15:35 GET /services.html 200
2024-02-24 10:15:36 GET /phpmyadmin 404
2024-02-24 10:15:37 GET /blog/post1.html 200
2024-02-24 10:15:38 GET /wp-login.php 404
2024-02-24 10:15:39 GET /favicon.ico 200
2024-02-24 10:15:40 GET /admin.php 404
2024-02-24 10:15:41 GET /products/item1.html 200
2024-02-24 10:15:42 GET /shell.php 404
2024-02-24 10:15:43 GET /about/team.html 200
2024-02-24 10:15:44 GET /admin.php 404
2024-02-24 10:15:45 GET /blog/post2.html 200
2024-02-24 10:15:46 GET /wp-admin 404
2024-02-24 10:15:47 GET /contact/form.html 200
2024-02-24 10:15:48 GET /admin.php 404
2024-02-24 10:15:49 GET /services/pricing.html 200
2024-02-24 10:15:50 GET /phpmyadmin 404
2024-02-24 10:15:51 GET /index.html 200
2024-02-24 10:15:52 GET /admin.php 404
2024-02-24 10:15:53 GET /about.html 200
2024-02-24 10:15:54 GET /wp-login.php 404
2024-02-24 10:15:55 GET /products.html 200
2024-02-24 10:15:56 GET /shell.php 404
2024-02-24 10:15:57 GET /blog/post3.html 200
2024-02-24 10:15:58 GET /admin.php 404
2024-02-24 10:15:59 GET /images/banner.png 200
2024-02-24 10:16:00 GET /wp-admin 404
2024-02-24 10:16:01 GET /services.html 200
2024-02-24 10:16:02 GET /admin.php 404
2024-02-24 10:16:03 GET /contact.html 200
2024-02-24 10:16:04 GET /phpmyadmin 404
2024-02-24 10:16:05 GET /products/item2.html 200
2024-02-24 10:16:06 GET /admin.php 404
2024-02-24 10:16:07 GET /blog/post4.html 200
2024-02-24 10:16:08 GET /wp-login.php 404
2024-02-24 10:16:09 GET /about/history.html 200
2024-02-24 10:16:10 GET /admin.php 404
2024-02-24 10:16:11 GET /services/support.html 200
2024-02-24 10:16:12 GET /shell.php 404
2024-02-24 10:16:13 GET /index.html 200
2024-02-24 10:16:14 GET /admin.php 404
2024-02-24 10:16:15 GET /products.html 200
2024-02-24 10:16:16 GET /wp-admin 404
2024-02-24 10:16:17 GET /blog/post5.html 200
2024-02-24 10:16:18 GET /admin.php 404
2024-02-24 10:16:19 GET /contact/map.html 200
2024-02-24 10:16:20 GET /phpmyadmin 404
2024-02-24 10:16:21 GET /services.html 200
2024-02-24 10:16:22 GET /admin.php 404
2024-02-24 10:16:23 GET /about.html 200
2024-02-24 10:16:24 GET /wp-login.php 404
2024-02-24 10:16:25 GET /products/item3.html 200
2024-02-24 10:16:26 GET /shell.php 404
2024-02-24 10:16:27 GET /blog/post6.html 200
2024-02-24 10:16:28 GET /admin.php 404
2024-02-24 10:16:29 GET /images/team.png 200
2024-02-24 10:16:30 GET /wp-admin 404
2024-02-24 10:16:31 GET /services/consulting.html 200
2024-02-24 10:16:32 GET /admin.php 404
2024-02-24 10:16:33 GET /contact.html 200
2024-02-24 10:16:34 GET /phpmyadmin 404
2024-02-24 10:16:35 GET /about/careers.html 200
2024-02-24 10:16:36 GET /admin.php 404
2024-02-24 10:16:37 GET /products/item4.html 200
2024-02-24 10:16:38 GET /wp-login.php 404
2024-02-24 10:16:39 GET /blog/post7.html 200
2024-02-24 10:16:40 GET /shell.php 404
2024-02-24 10:16:41 GET /index.html 200
2024-02-24 10:16:42 GET /admin.php 404
2024-02-24 10:16:43 GET /services.html 200
2024-02-24 10:16:44 GET /wp-admin 404
2024-02-24 10:16:45 GET /products.html 200
2024-02-24 10:16:46 GET /admin.php 404
2024-02-24 10:16:47 GET /contact/support.html 200
2024-02-24 10:16:48 GET /phpmyadmin 404
2024-02-24 10:16:49 GET /blog/post8.html 200
2024-02-24 10:16:50 GET /admin.php 404
2024-02-24 10:16:51 GET /about.html 200
2024-02-24 10:16:52 GET /wp-login.php 404
2024-02-24 10:16:53 GET /products/item5.html 200
2024-02-24 10:16:54 GET /shell.php 404
2024-02-24 10:16:55 GET /services/training.html 200
2024-02-24 10:16:56 GET /admin.php 404
2024-02-24 10:16:57 GET /images/products.png 200
2024-02-24 10:16:58 GET /wp-admin 404
2024-02-24 10:16:59 GET /blog/post9.html 200
2024-02-24 10:17:00 GET /admin.php 404
2024-02-24 10:17:01 GET /contact.html 200
2024-02-24 10:17:02 GET /phpmyadmin 404
2024-02-24 10:17:03 GET /about/location.html 200
2024-02-24 10:17:04 GET /admin.php 404
2024-02-24 10:17:05 GET /products/item6.html 200
2024-02-24 10:17:06 GET /wp-login.php 404
2024-02-24 10:17:07 GET /blog/post10.html 200
2024-02-24 10:17:08 GET /shell.php 404
2024-02-24 10:17:09 GET /index.html 200
2024-02-24 10:17:10 GET /admin.php 404
2024-02-24 10:17:11 GET /services.html 200
2024-02-24 10:17:12 GET /wp-admin 404
